Added Component: Designator=C1(cap_alu_electrolyte_size_code_e)
Added Component: Designator=C2(cap_0603_standard)
Added Component: Designator=C3(cap_0603_standard)
Added Component: Designator=C4(cap_0603_standard)
Added Component: Designator=C5(cap_0603_standard)
Added Component: Designator=C6(cap_0603_standard)
Added Component: Designator=C7(cap_0603_standard)
Added Component: Designator=C8(cap_0603_standard)
Added Component: Designator=J5(con_harting_spring_cage_4way)
Added Component: Designator=J6(con_datamate_2row_14pin)
Added Component: Designator=J7(SHF-105-01-X-D-SM)
Added Component: Designator=J8(con_datamate_2row_14pin)
Added Component: Designator=J9(con_datamate_2row_14pin)
Added Component: Designator=R1(res_0603_standard)
Added Component: Designator=R2(res_0603_standard)
Added Component: Designator=R3(res_0603_standard)
Added Component: Designator=R4(res_0603_standard)
Added Component: Designator=R5(res_0603_standard)
Added Component: Designator=R6(res_0603_standard)
Added Component: Designator=R7(res_0603_standard)
Added Component: Designator=R8(res_0603_standard)
Added Component: Designator=R9(res_0603_standard)
Added Component: Designator=U5(SO8_N)
Added Component: Designator=U6(SO8_N)
Added Component: Designator=U8(ic_lin_reg_lm3940_sot223)
Added Pin To Net: NetName=VCC_3V3 Pin=C1-1
Added Pin To Net: NetName=GND Pin=C1-2
Added Pin To Net: NetName=GND Pin=C2-1
Added Pin To Net: NetName=VCC_5V0 Pin=C2-2
Added Pin To Net: NetName=GND Pin=C3-1
Added Pin To Net: NetName=VCC_3V3 Pin=C3-2
Added Pin To Net: NetName=GND Pin=C4-1
Added Pin To Net: NetName=VCC_3V3 Pin=C4-2
Added Pin To Net: NetName=GND Pin=C5-1
Added Pin To Net: NetName=VCC_3V3 Pin=C5-2
Added Pin To Net: NetName=GND Pin=C6-1
Added Pin To Net: NetName=VCC_3V3 Pin=C6-2
Added Pin To Net: NetName=GND Pin=C7-1
Added Pin To Net: NetName=VCC_3V3 Pin=C7-2
Added Pin To Net: NetName=GND Pin=C8-1
Added Pin To Net: NetName=VCC_3V3 Pin=C8-2
Added Pin To Net: NetName=NetJ5_1 Pin=J5-1
Added Pin To Net: NetName=NetJ5_2 Pin=J5-2
Added Pin To Net: NetName=NetJ5_3 Pin=J5-3
Added Pin To Net: NetName=NetJ5_4 Pin=J5-4
Added Pin To Net: NetName=VCC_5V0 Pin=J6-1
Added Pin To Net: NetName=VCC_5V0 Pin=J6-2
Added Pin To Net: NetName=GND Pin=J6-3
Added Pin To Net: NetName=GND Pin=J6-4
Added Pin To Net: NetName=SPI_SCK Pin=J6-7
Added Pin To Net: NetName=SPI_MISO Pin=J6-8
Added Pin To Net: NetName=SPI_MOSI Pin=J6-9
Added Pin To Net: NetName=C\S\1\ Pin=J6-10
Added Pin To Net: NetName=C\S\2\ Pin=J6-11
Added Pin To Net: NetName=C\S\3\ Pin=J6-12
Added Pin To Net: NetName=C\S\4\ Pin=J6-13
Added Pin To Net: NetName=C\S\5\ Pin=J6-14
Added Pin To Net: NetName=JTAG_TCK Pin=J7-1
Added Pin To Net: NetName=GND Pin=J7-2
Added Pin To Net: NetName=JTAG_TDO Pin=J7-3
Added Pin To Net: NetName=VCC_3V3 Pin=J7-4
Added Pin To Net: NetName=JTAG_TMS Pin=J7-5
Added Pin To Net: NetName=R\E\S\E\T\ Pin=J7-6
Added Pin To Net: NetName=JTAG_TDI Pin=J7-9
Added Pin To Net: NetName=GND Pin=J7-10
Added Pin To Net: NetName=VCC_5V0 Pin=J8-1
Added Pin To Net: NetName=VCC_5V0 Pin=J8-2
Added Pin To Net: NetName=GND Pin=J8-3
Added Pin To Net: NetName=GND Pin=J8-4
Added Pin To Net: NetName=FS11 Pin=J8-5
Added Pin To Net: NetName=FS12 Pin=J8-6
Added Pin To Net: NetName=D0 Pin=J8-7
Added Pin To Net: NetName=D1 Pin=J8-8
Added Pin To Net: NetName=D2 Pin=J8-9
Added Pin To Net: NetName=D3 Pin=J8-10
Added Pin To Net: NetName=D4 Pin=J8-11
Added Pin To Net: NetName=D5 Pin=J8-12
Added Pin To Net: NetName=D6 Pin=J8-13
Added Pin To Net: NetName=D7 Pin=J8-14
Added Pin To Net: NetName=VCC_5V0 Pin=J9-1
Added Pin To Net: NetName=VCC_5V0 Pin=J9-2
Added Pin To Net: NetName=GND Pin=J9-3
Added Pin To Net: NetName=GND Pin=J9-4
Added Pin To Net: NetName=FS21 Pin=J9-5
Added Pin To Net: NetName=FS22 Pin=J9-6
Added Pin To Net: NetName=D8 Pin=J9-7
Added Pin To Net: NetName=D9 Pin=J9-8
Added Pin To Net: NetName=D10 Pin=J9-9
Added Pin To Net: NetName=D11 Pin=J9-10
Added Pin To Net: NetName=D12 Pin=J9-11
Added Pin To Net: NetName=D13 Pin=J9-12
Added Pin To Net: NetName=D14 Pin=J9-13
Added Pin To Net: NetName=D15 Pin=J9-14
Added Pin To Net: NetName=VCC_3V3 Pin=R1-1
Added Pin To Net: NetName=R\E\S\E\T\ Pin=R1-2
Added Pin To Net: NetName=FS11 Pin=R2-1
Added Pin To Net: NetName=FS11_2V5 Pin=R2-2
Added Pin To Net: NetName=FS12 Pin=R3-1
Added Pin To Net: NetName=FS12_2V5 Pin=R3-2
Added Pin To Net: NetName=FS21 Pin=R4-1
Added Pin To Net: NetName=FS21_2V5 Pin=R4-2
Added Pin To Net: NetName=FS22 Pin=R5-1
Added Pin To Net: NetName=FS22_2V5 Pin=R5-2
Added Pin To Net: NetName=FS11_2V5 Pin=R6-1
Added Pin To Net: NetName=GND Pin=R6-2
Added Pin To Net: NetName=FS12_2V5 Pin=R7-1
Added Pin To Net: NetName=GND Pin=R7-2
Added Pin To Net: NetName=FS21_2V5 Pin=R8-1
Added Pin To Net: NetName=GND Pin=R8-2
Added Pin To Net: NetName=FS22_2V5 Pin=R9-1
Added Pin To Net: NetName=GND Pin=R9-2
Added Pin To Net: NetName=GND Pin=U5-1
Added Pin To Net: NetName=NetJ5_3 Pin=U5-2
Added Pin To Net: NetName=NetJ5_4 Pin=U5-3
Added Pin To Net: NetName=VCC_3V3 Pin=U5-4
Added Pin To Net: NetName=SPI_SCK Pin=U5-5
Added Pin To Net: NetName=C\S\1\ Pin=U5-6
Added Pin To Net: NetName=SPI_MISO Pin=U5-7
Added Pin To Net: NetName=GND Pin=U6-1
Added Pin To Net: NetName=NetJ5_1 Pin=U6-2
Added Pin To Net: NetName=NetJ5_2 Pin=U6-3
Added Pin To Net: NetName=VCC_3V3 Pin=U6-4
Added Pin To Net: NetName=SPI_SCK Pin=U6-5
Added Pin To Net: NetName=C\S\2\ Pin=U6-6
Added Pin To Net: NetName=SPI_MISO Pin=U6-7
Added Pin To Net: NetName=VCC_5V0 Pin=U8-1
Added Pin To Net: NetName=GND Pin=U8-2
Added Pin To Net: NetName=VCC_3V3 Pin=U8-3
Added Member To Class: ClassName=Sheet2 Member=Component C1 100u
Added Member To Class: ClassName=Sheet2 Member=Component C2 0.47u
Added Member To Class: ClassName=Sheet2 Member=Component C3 100n
Added Member To Class: ClassName=Sheet2 Member=Component C4 100n
Added Member To Class: ClassName=Sheet2 Member=Component C5 100n
Added Member To Class: ClassName=Sheet2 Member=Component C6 100n
Added Member To Class: ClassName=Sheet2 Member=Component C7 100n
Added Member To Class: ClassName=Sheet2 Member=Component C8 100n
Added Member To Class: ClassName=Sheet2 Member=Component J5 Thermocouple terminal block
Added Member To Class: ClassName=Sheet2 Member=Component J6 External SPI slaves
Added Member To Class: ClassName=Sheet2 Member=Component J7 JTAG
Added Member To Class: ClassName=Sheet2 Member=Component J8 To radio ctrlr (1/2)
Added Member To Class: ClassName=Sheet2 Member=Component J9 To radio ctrlr (2/2)
Added Member To Class: ClassName=Sheet2 Member=Component R1 10k
Added Member To Class: ClassName=Sheet2 Member=Component R2 10k
Added Member To Class: ClassName=Sheet2 Member=Component R3 10k
Added Member To Class: ClassName=Sheet2 Member=Component R4 10k
Added Member To Class: ClassName=Sheet2 Member=Component R5 10k
Added Member To Class: ClassName=Sheet2 Member=Component R6 10k
Added Member To Class: ClassName=Sheet2 Member=Component R7 10k
Added Member To Class: ClassName=Sheet2 Member=Component R8 10k
Added Member To Class: ClassName=Sheet2 Member=Component R9 10k
Added Member To Class: ClassName=Sheet2 Member=Component U5 MAX31855 Thermocouple interface
Added Member To Class: ClassName=Sheet2 Member=Component U6 MAX31855 Thermocouple interface
Added Member To Class: ClassName=Sheet2 Member=Component U8 V_reg
