Added Component: Designator=R1(0805)
Added Component: Designator=R3(0805)
Added Component: Designator=R4(0805)
Added Component: Designator=R5(0805)
Added Component: Designator=R6(0805)
Added Component: Designator=R7(0805)
Added Component: Designator=R8(0805)
Added Component: Designator=R9(0805)
Added Component: Designator=U3(TQFP80P1200X1200X120-44N)
Added Pin To Net: NetName=SPI_MOSI Pin=U3-1
Added Pin To Net: NetName=SPI_MISO Pin=U3-2
Added Pin To Net: NetName=SPI_SCK Pin=U3-3
Added Pin To Net: NetName=R\E\S\E\T\ Pin=U3-4
Added Pin To Net: NetName=VCC_3V3 Pin=U3-5
Added Pin To Net: NetName=GND Pin=U3-6
Added Pin To Net: NetName=D8 Pin=U3-9
Added Pin To Net: NetName=D9 Pin=U3-10
Added Pin To Net: NetName=D10 Pin=U3-11
Added Pin To Net: NetName=D11 Pin=U3-12
Added Pin To Net: NetName=D12 Pin=U3-13
Added Pin To Net: NetName=D13 Pin=U3-14
Added Pin To Net: NetName=D14 Pin=U3-15
Added Pin To Net: NetName=D15 Pin=U3-16
Added Pin To Net: NetName=VCC_3V3 Pin=U3-17
Added Pin To Net: NetName=GND Pin=U3-18
Added Pin To Net: NetName=FS22_2V5 Pin=U3-19
Added Pin To Net: NetName=FS21_2V5 Pin=U3-20
Added Pin To Net: NetName=JTAG_TCK Pin=U3-21
Added Pin To Net: NetName=JTAG_TMS Pin=U3-22
Added Pin To Net: NetName=JTAG_TDO Pin=U3-23
Added Pin To Net: NetName=JTAG_TDI Pin=U3-24
Added Pin To Net: NetName=FS12_2V5 Pin=U3-25
Added Pin To Net: NetName=FS11_2V5 Pin=U3-26
Added Pin To Net: NetName=VCC_3V3 Pin=U3-27
Added Pin To Net: NetName=GND Pin=U3-28
Added Pin To Net: NetName=D7 Pin=U3-30
Added Pin To Net: NetName=D6 Pin=U3-31
Added Pin To Net: NetName=D5 Pin=U3-32
Added Pin To Net: NetName=D4 Pin=U3-33
Added Pin To Net: NetName=D3 Pin=U3-34
Added Pin To Net: NetName=D2 Pin=U3-35
Added Pin To Net: NetName=D1 Pin=U3-36
Added Pin To Net: NetName=D0 Pin=U3-37
Added Pin To Net: NetName=VCC_3V3 Pin=U3-38
Added Pin To Net: NetName=GND Pin=U3-39
Added Pin To Net: NetName=C\S\5\ Pin=U3-40
Added Pin To Net: NetName=C\S\4\ Pin=U3-41
Added Pin To Net: NetName=C\S\3\ Pin=U3-42
Added Pin To Net: NetName=C\S\2\ Pin=U3-43
Added Pin To Net: NetName=C\S\1\ Pin=U3-44
Added Member To Class: ClassName=Sheet2 Member=Component R1 10K
Added Member To Class: ClassName=Sheet2 Member=Component R3 10k
Added Member To Class: ClassName=Sheet2 Member=Component R4 10k
Added Member To Class: ClassName=Sheet2 Member=Component R5 10k
Added Member To Class: ClassName=Sheet2 Member=Component R6 10k
Added Member To Class: ClassName=Sheet2 Member=Component R7 10k
Added Member To Class: ClassName=Sheet2 Member=Component R8 10k
Added Member To Class: ClassName=Sheet2 Member=Component R9 10k
Added Member To Class: ClassName=Sheet2 Member=Component U3 ATmega1284P
