Added Component: Designator=J1(header_1x4)
Added Component: Designator=J2(header_2x7)
Added Component: Designator=J3(header_2x5)
Added Component: Designator=J4(header_2x7)
Added Component: Designator=J5(header_2x7)
Added Pin To Net: NetName=C\S\1\ Pin=J2-10
Added Net: Name=C\S\1\
Added Pin To Net: NetName=C\S\2\ Pin=J2-11
Added Net: Name=C\S\2\
Added Pin To Net: NetName=C\S\3\ Pin=J2-12
Added Net: Name=C\S\3\
Added Pin To Net: NetName=C\S\4\ Pin=J2-13
Added Net: Name=C\S\4\
Added Pin To Net: NetName=C\S\5\ Pin=J2-14
Added Net: Name=C\S\5\
Added Pin To Net: NetName=D0 Pin=J4-7
Added Net: Name=D0
Added Pin To Net: NetName=D1 Pin=J4-8
Added Net: Name=D1
Added Pin To Net: NetName=D2 Pin=J4-9
Added Net: Name=D2
Added Pin To Net: NetName=D3 Pin=J4-10
Added Net: Name=D3
Added Pin To Net: NetName=D4 Pin=J4-11
Added Net: Name=D4
Added Pin To Net: NetName=D5 Pin=J4-12
Added Net: Name=D5
Added Pin To Net: NetName=D6 Pin=J4-13
Added Net: Name=D6
Added Pin To Net: NetName=D7 Pin=J4-14
Added Net: Name=D7
Added Pin To Net: NetName=D8 Pin=J5-7
Added Net: Name=D8
Added Pin To Net: NetName=D9 Pin=J5-8
Added Net: Name=D9
Added Pin To Net: NetName=D10 Pin=J5-9
Added Net: Name=D10
Added Pin To Net: NetName=D11 Pin=J5-10
Added Net: Name=D11
Added Pin To Net: NetName=D12 Pin=J5-11
Added Net: Name=D12
Added Pin To Net: NetName=D13 Pin=J5-12
Added Net: Name=D13
Added Pin To Net: NetName=D14 Pin=J5-13
Added Net: Name=D14
Added Pin To Net: NetName=D15 Pin=J5-14
Added Net: Name=D15
Added Net: Name=FS11_2V5
Added Pin To Net: NetName=FS11 Pin=J4-5
Added Net: Name=FS11
Added Net: Name=FS12_2V5
Added Pin To Net: NetName=FS12 Pin=J4-6
Added Net: Name=FS12
Added Net: Name=FS21_2V5
Added Pin To Net: NetName=FS21 Pin=J5-5
Added Net: Name=FS21
Added Net: Name=FS22_2V5
Added Pin To Net: NetName=FS22 Pin=J5-6
Added Net: Name=FS22
Added Pin To Net: NetName=GND Pin=J2-3
Added Pin To Net: NetName=GND Pin=J2-4
Added Pin To Net: NetName=GND Pin=J3-2
Added Pin To Net: NetName=GND Pin=J3-10
Added Pin To Net: NetName=GND Pin=J4-3
Added Pin To Net: NetName=GND Pin=J4-4
Added Pin To Net: NetName=GND Pin=J5-3
Added Pin To Net: NetName=GND Pin=J5-4
Added Net: Name=GND
Added Pin To Net: NetName=JTAG_TCK Pin=J3-1
Added Net: Name=JTAG_TCK
Added Pin To Net: NetName=JTAG_TDI Pin=J3-9
Added Net: Name=JTAG_TDI
Added Pin To Net: NetName=JTAG_TDO Pin=J3-3
Added Net: Name=JTAG_TDO
Added Pin To Net: NetName=JTAG_TMS Pin=J3-5
Added Net: Name=JTAG_TMS
Added Pin To Net: NetName=NetJ1_1 Pin=J1-1
Added Net: Name=NetJ1_1
Added Pin To Net: NetName=NetJ1_2 Pin=J1-2
Added Net: Name=NetJ1_2
Added Pin To Net: NetName=NetJ1_3 Pin=J1-3
Added Net: Name=NetJ1_3
Added Pin To Net: NetName=NetJ1_4 Pin=J1-4
Added Net: Name=NetJ1_4
Added Pin To Net: NetName=R\E\S\E\T\ Pin=J3-6
Added Net: Name=R\E\S\E\T\
Added Pin To Net: NetName=SPI_MISO Pin=J2-8
Added Net: Name=SPI_MISO
Added Pin To Net: NetName=SPI_MOSI Pin=J2-9
Added Net: Name=SPI_MOSI
Added Pin To Net: NetName=SPI_SCK Pin=J2-7
Added Net: Name=SPI_SCK
Added Pin To Net: NetName=VCC_3V3 Pin=J3-4
Added Net: Name=VCC_3V3
Added Pin To Net: NetName=VCC_5V0 Pin=J2-1
Added Pin To Net: NetName=VCC_5V0 Pin=J2-2
Added Pin To Net: NetName=VCC_5V0 Pin=J4-1
Added Pin To Net: NetName=VCC_5V0 Pin=J4-2
Added Pin To Net: NetName=VCC_5V0 Pin=J5-1
Added Pin To Net: NetName=VCC_5V0 Pin=J5-2
Added Net: Name=VCC_5V0
Change Class Name : Old Net Name=PCB_to_SCH_test New Net Name=Sheet2
Added Room: Name=Sheet2
