Change Component Footprint: Designator=J3 Old Footprint=header_2x5 New Footprint=SHF-105-01-X-D-SM
Change Physical Footprint: Designator=C2 Old Footprint=cap_0603_standard New Footprint=cap_0603_standard
Change Physical Footprint: Designator=C3 Old Footprint=cap_0603_standard New Footprint=cap_0603_standard
Change Physical Footprint: Designator=C4 Old Footprint=cap_0603_standard New Footprint=cap_0603_standard
Change Physical Footprint: Designator=C5 Old Footprint=cap_0603_standard New Footprint=cap_0603_standard
Change Physical Footprint: Designator=C6 Old Footprint=cap_0603_standard New Footprint=cap_0603_standard
Change Physical Footprint: Designator=C7 Old Footprint=cap_0603_standard New Footprint=cap_0603_standard
Change Physical Footprint: Designator=C8 Old Footprint=cap_0603_standard New Footprint=cap_0603_standard
Change Physical Footprint: Designator=J2 Old Footprint=con_datamate_2row_14pin New Footprint=con_datamate_2row_14pin
Change Physical Footprint: Designator=J4 Old Footprint=con_datamate_2row_14pin New Footprint=con_datamate_2row_14pin
Change Physical Footprint: Designator=J5 Old Footprint=con_datamate_2row_14pin New Footprint=con_datamate_2row_14pin
Change Physical Footprint: Designator=R1 Old Footprint=res_0603_standard New Footprint=res_0603_standard
Change Physical Footprint: Designator=R2 Old Footprint=res_0603_standard New Footprint=res_0603_standard
Change Physical Footprint: Designator=R3 Old Footprint=res_0603_standard New Footprint=res_0603_standard
Change Physical Footprint: Designator=R4 Old Footprint=res_0603_standard New Footprint=res_0603_standard
Change Physical Footprint: Designator=R5 Old Footprint=res_0603_standard New Footprint=res_0603_standard
Change Physical Footprint: Designator=R6 Old Footprint=res_0603_standard New Footprint=res_0603_standard
Change Physical Footprint: Designator=R7 Old Footprint=res_0603_standard New Footprint=res_0603_standard
Change Physical Footprint: Designator=R8 Old Footprint=res_0603_standard New Footprint=res_0603_standard
Change Physical Footprint: Designator=R9 Old Footprint=res_0603_standard New Footprint=res_0603_standard
Change Physical Footprint: Designator=U1 Old Footprint=TQFP80P1200X1200X120-44N New Footprint=TQFP80P1200X1200X120-44N
